[betmillion.co/girouganhou/index.html]
[connect.facebook.net/en_US/fbevents.js]
[backblue.gif]
[fade.gif]
[index.html]
[betmillion.co/girouganhou/index.html]
[betmillion.co/girouganhou/js/main.0d01978b.js]
[betmillion.co/wp-content/uploads/2024/06/a.png]
[betmillion.co/girouganhou/POST]
[betmillion.co/girouganhou/schema.org/index.html]
[betmillion.co/girouganhou/b.resolvedLink]
[betmillion.co/signals/iwl.js]
[connect.facebook.net/en_US/fbevents.js]
[betmillion.co/girouganhou/images/logo192.png]
[betmillion.co/girouganhou/js/main.0d01978b.js]
[betmillion.co/girouganhou/POST.html]
[betmillion.co/girouganhou/schema.org/index.html]
[betmillion.co/girouganhou/b.html]
[betmillion.co/signals/iwl.html]
[betmillion.co/girouganhou/$&/index.html]
[betmillion.co/girouganhou/$&/index.html]
